<?xml version="1.0" encoding="UTF-8"?>
<!-- Generated by org.testng.reporters.JUnitXMLReporter -->
<testsuite hostname="Angshumans-MacBook-Pro.local" ignored="0" name="Surefire test" tests="3" failures="0" timestamp="2021-03-09T09:50:56 IST" time="0.053" errors="0">
  <testcase name="testAppium" time="0.006" classname="mavenProject.AppiumTest"/>
  <testcase name="testSelenium" time="0.0" classname="mavenProject.SeleniumTest"/>
  <testcase name="testRestAPI" time="0.0" classname="mavenProject.RestAPITest"/>
</testsuite> <!-- Surefire test -->
