<?xml version="1.0" encoding="UTF-8"?>
<testng-results skipped="0" failed="0" ignored="0" total="3" passed="3">
  <reporter-output>
  </reporter-output>
  <suite name="Surefire suite" duration-ms="53" started-at="2021-03-09T09:50:56 IST" finished-at="2021-03-09T09:50:56 IST">
    <groups>
    </groups>
    <test name="Surefire test" duration-ms="53" started-at="2021-03-09T09:50:56 IST" finished-at="2021-03-09T09:50:56 IST">
      <class name="mavenProject.SeleniumTest">
        <test-method status="PASS" signature="testSelenium()[pri:0, instance:mavenProject.SeleniumTest@2d8f65a4]" name="testSelenium" duration-ms="0" started-at="2021-03-09T09:50:56 IST" finished-at="2021-03-09T09:50:56 IST">
          <reporter-output>
          </reporter-output>
        </test-method> <!-- testSelenium -->
      </class> <!-- mavenProject.SeleniumTest -->
      <class name="mavenProject.AppiumTest">
        <test-method status="PASS" signature="testAppium()[pri:0, instance:mavenProject.AppiumTest@4d95d2a2]" name="testAppium" duration-ms="6" started-at="2021-03-09T09:50:56 IST" finished-at="2021-03-09T09:50:56 IST">
          <reporter-output>
          </reporter-output>
        </test-method> <!-- testAppium -->
      </class> <!-- mavenProject.AppiumTest -->
      <class name="mavenProject.RestAPITest">
        <test-method status="PASS" signature="testRestAPI()[pri:0, instance:mavenProject.RestAPITest@1b68ddbd]" name="testRestAPI" duration-ms="0" started-at="2021-03-09T09:50:56 IST" finished-at="2021-03-09T09:50:56 IST">
          <reporter-output>
          </reporter-output>
        </test-method> <!-- testRestAPI -->
      </class> <!-- mavenProject.RestAPITest -->
    </test> <!-- Surefire test -->
  </suite> <!-- Surefire suite -->
</testng-results>
