<?xml version="1.0" encoding="UTF-8"?>
<testsuite xmlns:xsi="http://www.w3.org/2001/XMLSchema-instance" xsi:noNamespaceSchemaLocation="https://maven.apache.org/surefire/maven-surefire-plugin/xsd/surefire-test-report-3.0.xsd" version="3.0" name="TestSuite" time="0.831" tests="3" errors="0" skipped="0" failures="0">
  <properties>
[...]
</properties>
  <testcase name="testAppium" classname="mavenProject.AppiumTest" time="0.006">
    <system-out><![CDATA[running now, In the test Appium method
]]></system-out>
  </testcase>
  <testcase name="testSelenium" classname="mavenProject.SeleniumTest" time="0.001">
    <system-out><![CDATA[In the test Selenium method
]]></system-out>
  </testcase>
  <testcase name="testRestAPI" classname="mavenProject.RestAPITest" time="0">
    <system-out><![CDATA[In the test RestAPI method
]]></system-out>
  </testcase>
</testsuite>